[GIN-debug] [WARNING] Creating an Engine instance with the Logger and Recovery middleware already attached.

[GIN-debug] [WARNING] Running in "debug" mode. Switch to "release" mode in production.
 - using env:	export GIN_MODE=release
 - using code:	gin.SetMode(gin.ReleaseMode)

[GIN-debug] GET    /whatsapp/login/*filepath --> github.com/gin-gonic/gin.(*RouterGroup).createStaticHandler.func1 (4 handlers)
[GIN-debug] HEAD   /whatsapp/login/*filepath --> github.com/gin-gonic/gin.(*RouterGroup).createStaticHandler.func1 (4 handlers)
[GIN-debug] POST   /whatsapp/reset           --> _/D_/Kerja/Source_Code/SiMotor/Go/simotor_microservice_2/msclientthird_microservice/controllers.(*GinCtrl).ResetSession-fm (4 handlers)
[GIN-debug] POST   /whatsapp/send/text       --> _/D_/Kerja/Source_Code/SiMotor/Go/simotor_microservice_2/msclientthird_microservice/controllers.(*GinCtrl).SendText-fm (4 handlers)
[GIN-debug] POST   /whatsapp/send/text_group --> _/D_/Kerja/Source_Code/SiMotor/Go/simotor_microservice_2/msclientthird_microservice/controllers.(*GinCtrl).SendTextGroup-fm (4 handlers)
[GIN-debug] Listening and serving HTTP on :8824
[GIN-debug] [WARNING] Creating an Engine instance with the Logger and Recovery middleware already attached.

[GIN-debug] [WARNING] Running in "debug" mode. Switch to "release" mode in production.
 - using env:	export GIN_MODE=release
 - using code:	gin.SetMode(gin.ReleaseMode)

[GIN-debug] GET    /whatsapp/login/*filepath --> github.com/gin-gonic/gin.(*RouterGroup).createStaticHandler.func1 (4 handlers)
[GIN-debug] HEAD   /whatsapp/login/*filepath --> github.com/gin-gonic/gin.(*RouterGroup).createStaticHandler.func1 (4 handlers)
[GIN-debug] POST   /whatsapp/reset           --> _/D_/Kerja/Source_Code/SiMotor/Go/simotor_microservice_2/msclientthird_microservice/controllers.(*GinCtrl).ResetSession-fm (4 handlers)
[GIN-debug] POST   /whatsapp/send/text       --> _/D_/Kerja/Source_Code/SiMotor/Go/simotor_microservice_2/msclientthird_microservice/controllers.(*GinCtrl).SendText-fm (4 handlers)
[GIN-debug] POST   /whatsapp/send/text_group --> _/D_/Kerja/Source_Code/SiMotor/Go/simotor_microservice_2/msclientthird_microservice/controllers.(*GinCtrl).SendTextGroup-fm (4 handlers)
[GIN-debug] Listening and serving HTTP on :8824
[GIN-debug] [WARNING] Creating an Engine instance with the Logger and Recovery middleware already attached.

[GIN-debug] [WARNING] Running in "debug" mode. Switch to "release" mode in production.
 - using env:	export GIN_MODE=release
 - using code:	gin.SetMode(gin.ReleaseMode)

[GIN-debug] GET    /whatsapp/login/*filepath --> github.com/gin-gonic/gin.(*RouterGroup).createStaticHandler.func1 (4 handlers)
[GIN-debug] HEAD   /whatsapp/login/*filepath --> github.com/gin-gonic/gin.(*RouterGroup).createStaticHandler.func1 (4 handlers)
[GIN-debug] POST   /whatsapp/reset           --> _/D_/Kerja/Source_Code/SiMotor/Go/simotor_microservice_2/msclientthird_microservice/controllers.(*GinCtrl).ResetSession-fm (4 handlers)
[GIN-debug] POST   /whatsapp/send/text       --> _/D_/Kerja/Source_Code/SiMotor/Go/simotor_microservice_2/msclientthird_microservice/controllers.(*GinCtrl).SendText-fm (4 handlers)
[GIN-debug] POST   /whatsapp/send/text_group --> _/D_/Kerja/Source_Code/SiMotor/Go/simotor_microservice_2/msclientthird_microservice/controllers.(*GinCtrl).SendTextGroup-fm (4 handlers)
[GIN-debug] Listening and serving HTTP on :8824
[GIN-debug] [WARNING] Creating an Engine instance with the Logger and Recovery middleware already attached.

[GIN-debug] [WARNING] Running in "debug" mode. Switch to "release" mode in production.
 - using env:	export GIN_MODE=release
 - using code:	gin.SetMode(gin.ReleaseMode)

[GIN-debug] GET    /whatsapp/login/*filepath --> github.com/gin-gonic/gin.(*RouterGroup).createStaticHandler.func1 (4 handlers)
[GIN-debug] HEAD   /whatsapp/login/*filepath --> github.com/gin-gonic/gin.(*RouterGroup).createStaticHandler.func1 (4 handlers)
[GIN-debug] POST   /whatsapp/reset           --> _/D_/Kerja/Source_Code/SiMotor/Go/simotor_microservice_2/msclientthird_microservice/controllers.(*GinCtrl).ResetSession-fm (4 handlers)
[GIN-debug] POST   /whatsapp/send/text       --> _/D_/Kerja/Source_Code/SiMotor/Go/simotor_microservice_2/msclientthird_microservice/controllers.(*GinCtrl).SendText-fm (4 handlers)
[GIN-debug] POST   /whatsapp/send/text_group --> _/D_/Kerja/Source_Code/SiMotor/Go/simotor_microservice_2/msclientthird_microservice/controllers.(*GinCtrl).SendTextGroup-fm (4 handlers)
[GIN-debug] Listening and serving HTTP on :8824
[GIN-debug] [WARNING] Creating an Engine instance with the Logger and Recovery middleware already attached.

[GIN-debug] [WARNING] Running in "debug" mode. Switch to "release" mode in production.
 - using env:	export GIN_MODE=release
 - using code:	gin.SetMode(gin.ReleaseMode)

[GIN-debug] GET    /whatsapp/login/*filepath --> github.com/gin-gonic/gin.(*RouterGroup).createStaticHandler.func1 (4 handlers)
[GIN-debug] HEAD   /whatsapp/login/*filepath --> github.com/gin-gonic/gin.(*RouterGroup).createStaticHandler.func1 (4 handlers)
[GIN-debug] POST   /whatsapp/reset           --> _/D_/Kerja/Source_Code/SiMotor/Go/simotor_microservice_2/msclientthird_microservice/controllers.(*GinCtrl).ResetSession-fm (4 handlers)
[GIN-debug] POST   /whatsapp/send/text       --> _/D_/Kerja/Source_Code/SiMotor/Go/simotor_microservice_2/msclientthird_microservice/controllers.(*GinCtrl).SendText-fm (4 handlers)
[GIN-debug] POST   /whatsapp/send/text_group --> _/D_/Kerja/Source_Code/SiMotor/Go/simotor_microservice_2/msclientthird_microservice/controllers.(*GinCtrl).SendTextGroup-fm (4 handlers)
[GIN-debug] Listening and serving HTTP on :8824
[GIN-debug] [WARNING] Creating an Engine instance with the Logger and Recovery middleware already attached.

[GIN-debug] [WARNING] Running in "debug" mode. Switch to "release" mode in production.
 - using env:	export GIN_MODE=release
 - using code:	gin.SetMode(gin.ReleaseMode)

[GIN-debug] GET    /whatsapp/login/*filepath --> github.com/gin-gonic/gin.(*RouterGroup).createStaticHandler.func1 (4 handlers)
[GIN-debug] HEAD   /whatsapp/login/*filepath --> github.com/gin-gonic/gin.(*RouterGroup).createStaticHandler.func1 (4 handlers)
[GIN-debug] POST   /whatsapp/reset           --> _/D_/Kerja/Source_Code/SiMotor/Go/simotor_microservice_2/msclientthird_microservice/controllers.(*GinCtrl).ResetSession-fm (4 handlers)
[GIN-debug] POST   /whatsapp/send/text       --> _/D_/Kerja/Source_Code/SiMotor/Go/simotor_microservice_2/msclientthird_microservice/controllers.(*GinCtrl).SendText-fm (4 handlers)
[GIN-debug] POST   /whatsapp/send/text_group --> _/D_/Kerja/Source_Code/SiMotor/Go/simotor_microservice_2/msclientthird_microservice/controllers.(*GinCtrl).SendTextGroup-fm (4 handlers)
[GIN-debug] Listening and serving HTTP on :8824
[GIN-debug] [WARNING] Creating an Engine instance with the Logger and Recovery middleware already attached.

[GIN-debug] [WARNING] Running in "debug" mode. Switch to "release" mode in production.
 - using env:	export GIN_MODE=release
 - using code:	gin.SetMode(gin.ReleaseMode)

[GIN-debug] GET    /whatsapp/login/*filepath --> github.com/gin-gonic/gin.(*RouterGroup).createStaticHandler.func1 (4 handlers)
[GIN-debug] HEAD   /whatsapp/login/*filepath --> github.com/gin-gonic/gin.(*RouterGroup).createStaticHandler.func1 (4 handlers)
[GIN-debug] POST   /whatsapp/reset           --> _/D_/Kerja/Source_Code/SiMotor/Go/simotor_microservice_2/msclientthird_microservice/controllers.(*GinCtrl).ResetSession-fm (4 handlers)
[GIN-debug] POST   /whatsapp/send/text       --> _/D_/Kerja/Source_Code/SiMotor/Go/simotor_microservice_2/msclientthird_microservice/controllers.(*GinCtrl).SendText-fm (4 handlers)
[GIN-debug] POST   /whatsapp/send/text_group --> _/D_/Kerja/Source_Code/SiMotor/Go/simotor_microservice_2/msclientthird_microservice/controllers.(*GinCtrl).SendTextGroup-fm (4 handlers)
[GIN-debug] Listening and serving HTTP on :8824
[GIN-debug] [WARNING] Creating an Engine instance with the Logger and Recovery middleware already attached.

[GIN-debug] [WARNING] Running in "debug" mode. Switch to "release" mode in production.
 - using env:	export GIN_MODE=release
 - using code:	gin.SetMode(gin.ReleaseMode)

[GIN-debug] GET    /whatsapp/login/*filepath --> github.com/gin-gonic/gin.(*RouterGroup).createStaticHandler.func1 (4 handlers)
[GIN-debug] HEAD   /whatsapp/login/*filepath --> github.com/gin-gonic/gin.(*RouterGroup).createStaticHandler.func1 (4 handlers)
[GIN-debug] POST   /whatsapp/reset           --> _/D_/Kerja/Source_Code/SiMotor/Go/simotor_microservice_2/msclientthird_microservice/controllers.(*GinCtrl).ResetSession-fm (4 handlers)
[GIN-debug] POST   /whatsapp/send/text       --> _/D_/Kerja/Source_Code/SiMotor/Go/simotor_microservice_2/msclientthird_microservice/controllers.(*GinCtrl).SendText-fm (4 handlers)
[GIN-debug] POST   /whatsapp/send/text_group --> _/D_/Kerja/Source_Code/SiMotor/Go/simotor_microservice_2/msclientthird_microservice/controllers.(*GinCtrl).SendTextGroup-fm (4 handlers)
[GIN-debug] Listening and serving HTTP on :8824
[GIN-debug] [WARNING] Creating an Engine instance with the Logger and Recovery middleware already attached.

[GIN-debug] [WARNING] Running in "debug" mode. Switch to "release" mode in production.
 - using env:	export GIN_MODE=release
 - using code:	gin.SetMode(gin.ReleaseMode)

[GIN-debug] GET    /whatsapp/login/*filepath --> github.com/gin-gonic/gin.(*RouterGroup).createStaticHandler.func1 (4 handlers)
[GIN-debug] HEAD   /whatsapp/login/*filepath --> github.com/gin-gonic/gin.(*RouterGroup).createStaticHandler.func1 (4 handlers)
[GIN-debug] POST   /whatsapp/reset           --> _/D_/Kerja/Source_Code/SiMotor/Go/simotor_microservice_2/msclientthird_microservice/controllers.(*GinCtrl).ResetSession-fm (4 handlers)
[GIN-debug] POST   /whatsapp/send/text       --> _/D_/Kerja/Source_Code/SiMotor/Go/simotor_microservice_2/msclientthird_microservice/controllers.(*GinCtrl).SendText-fm (4 handlers)
[GIN-debug] POST   /whatsapp/send/text_group --> _/D_/Kerja/Source_Code/SiMotor/Go/simotor_microservice_2/msclientthird_microservice/controllers.(*GinCtrl).SendTextGroup-fm (4 handlers)
[GIN-debug] Listening and serving HTTP on :8824
[GIN-debug] [WARNING] Creating an Engine instance with the Logger and Recovery middleware already attached.

[GIN-debug] [WARNING] Running in "debug" mode. Switch to "release" mode in production.
 - using env:	export GIN_MODE=release
 - using code:	gin.SetMode(gin.ReleaseMode)

[GIN-debug] GET    /whatsapp/login/*filepath --> github.com/gin-gonic/gin.(*RouterGroup).createStaticHandler.func1 (4 handlers)
[GIN-debug] HEAD   /whatsapp/login/*filepath --> github.com/gin-gonic/gin.(*RouterGroup).createStaticHandler.func1 (4 handlers)
[GIN-debug] POST   /whatsapp/reset           --> _/D_/Kerja/Source_Code/SiMotor/Go/simotor_microservice_2/msclientthird_microservice/controllers.(*GinCtrl).ResetSession-fm (4 handlers)
[GIN-debug] POST   /whatsapp/send/text       --> _/D_/Kerja/Source_Code/SiMotor/Go/simotor_microservice_2/msclientthird_microservice/controllers.(*GinCtrl).SendText-fm (4 handlers)
[GIN-debug] POST   /whatsapp/send/text_group --> _/D_/Kerja/Source_Code/SiMotor/Go/simotor_microservice_2/msclientthird_microservice/controllers.(*GinCtrl).SendTextGroup-fm (4 handlers)
[GIN-debug] Listening and serving HTTP on :8824
[GIN-debug] [WARNING] Creating an Engine instance with the Logger and Recovery middleware already attached.

[GIN-debug] [WARNING] Running in "debug" mode. Switch to "release" mode in production.
 - using env:	export GIN_MODE=release
 - using code:	gin.SetMode(gin.ReleaseMode)

[GIN-debug] GET    /whatsapp/login/*filepath --> github.com/gin-gonic/gin.(*RouterGroup).createStaticHandler.func1 (4 handlers)
[GIN-debug] HEAD   /whatsapp/login/*filepath --> github.com/gin-gonic/gin.(*RouterGroup).createStaticHandler.func1 (4 handlers)
[GIN-debug] POST   /whatsapp/reset           --> _/D_/Kerja/Source_Code/SiMotor/Go/simotor_microservice_2/msclientthird_microservice/controllers.(*GinCtrl).ResetSession-fm (4 handlers)
[GIN-debug] POST   /whatsapp/send/text       --> _/D_/Kerja/Source_Code/SiMotor/Go/simotor_microservice_2/msclientthird_microservice/controllers.(*GinCtrl).SendText-fm (4 handlers)
[GIN-debug] POST   /whatsapp/send/text_group --> _/D_/Kerja/Source_Code/SiMotor/Go/simotor_microservice_2/msclientthird_microservice/controllers.(*GinCtrl).SendTextGroup-fm (4 handlers)
[GIN-debug] Listening and serving HTTP on :8824
[GIN-debug] [WARNING] Creating an Engine instance with the Logger and Recovery middleware already attached.

[GIN-debug] [WARNING] Running in "debug" mode. Switch to "release" mode in production.
 - using env:	export GIN_MODE=release
 - using code:	gin.SetMode(gin.ReleaseMode)

[GIN-debug] GET    /whatsapp/login/*filepath --> github.com/gin-gonic/gin.(*RouterGroup).createStaticHandler.func1 (4 handlers)
[GIN-debug] HEAD   /whatsapp/login/*filepath --> github.com/gin-gonic/gin.(*RouterGroup).createStaticHandler.func1 (4 handlers)
[GIN-debug] POST   /whatsapp/reset           --> _/D_/Kerja/Source_Code/SiMotor/Go/simotor_microservice_2/msclientthird_microservice/controllers.(*GinCtrl).ResetSession-fm (4 handlers)
[GIN-debug] POST   /whatsapp/send/text       --> _/D_/Kerja/Source_Code/SiMotor/Go/simotor_microservice_2/msclientthird_microservice/controllers.(*GinCtrl).SendText-fm (4 handlers)
[GIN-debug] POST   /whatsapp/send/text_group --> _/D_/Kerja/Source_Code/SiMotor/Go/simotor_microservice_2/msclientthird_microservice/controllers.(*GinCtrl).SendTextGroup-fm (4 handlers)
[GIN-debug] Listening and serving HTTP on :8824
[GIN-debug] [WARNING] Creating an Engine instance with the Logger and Recovery middleware already attached.

[GIN-debug] [WARNING] Running in "debug" mode. Switch to "release" mode in production.
 - using env:	export GIN_MODE=release
 - using code:	gin.SetMode(gin.ReleaseMode)

[GIN-debug] GET    /whatsapp/login/*filepath --> github.com/gin-gonic/gin.(*RouterGroup).createStaticHandler.func1 (4 handlers)
[GIN-debug] HEAD   /whatsapp/login/*filepath --> github.com/gin-gonic/gin.(*RouterGroup).createStaticHandler.func1 (4 handlers)
[GIN-debug] POST   /whatsapp/reset           --> _/D_/Kerja/Source_Code/SiMotor/Go/simotor_microservice_2/msclientthird_microservice/controllers.(*GinCtrl).ResetSession-fm (4 handlers)
[GIN-debug] POST   /whatsapp/send/text       --> _/D_/Kerja/Source_Code/SiMotor/Go/simotor_microservice_2/msclientthird_microservice/controllers.(*GinCtrl).SendText-fm (4 handlers)
[GIN-debug] POST   /whatsapp/send/text_group --> _/D_/Kerja/Source_Code/SiMotor/Go/simotor_microservice_2/msclientthird_microservice/controllers.(*GinCtrl).SendTextGroup-fm (4 handlers)
[GIN-debug] Listening and serving HTTP on :8824
[GIN-debug] [WARNING] Creating an Engine instance with the Logger and Recovery middleware already attached.

[GIN-debug] [WARNING] Running in "debug" mode. Switch to "release" mode in production.
 - using env:	export GIN_MODE=release
 - using code:	gin.SetMode(gin.ReleaseMode)

[GIN-debug] GET    /whatsapp/login/*filepath --> github.com/gin-gonic/gin.(*RouterGroup).createStaticHandler.func1 (4 handlers)
[GIN-debug] HEAD   /whatsapp/login/*filepath --> github.com/gin-gonic/gin.(*RouterGroup).createStaticHandler.func1 (4 handlers)
[GIN-debug] POST   /whatsapp/reset           --> _/D_/Kerja/Source_Code/SiMotor/Go/simotor_microservice_2/msclientthird_microservice/controllers.(*GinCtrl).ResetSession-fm (4 handlers)
[GIN-debug] POST   /whatsapp/send/text       --> _/D_/Kerja/Source_Code/SiMotor/Go/simotor_microservice_2/msclientthird_microservice/controllers.(*GinCtrl).SendText-fm (4 handlers)
[GIN-debug] POST   /whatsapp/send/text_group --> _/D_/Kerja/Source_Code/SiMotor/Go/simotor_microservice_2/msclientthird_microservice/controllers.(*GinCtrl).SendTextGroup-fm (4 handlers)
[GIN-debug] Listening and serving HTTP on :8824
[GIN-debug] [WARNING] Creating an Engine instance with the Logger and Recovery middleware already attached.

[GIN-debug] [WARNING] Running in "debug" mode. Switch to "release" mode in production.
 - using env:	export GIN_MODE=release
 - using code:	gin.SetMode(gin.ReleaseMode)

[GIN-debug] GET    /whatsapp/login/*filepath --> github.com/gin-gonic/gin.(*RouterGroup).createStaticHandler.func1 (4 handlers)
[GIN-debug] HEAD   /whatsapp/login/*filepath --> github.com/gin-gonic/gin.(*RouterGroup).createStaticHandler.func1 (4 handlers)
[GIN-debug] POST   /whatsapp/reset           --> _/D_/Kerja/Source_Code/SiMotor/Go/simotor_microservice_2/msclientthird_microservice/controllers.(*GinCtrl).ResetSession-fm (4 handlers)
[GIN-debug] POST   /whatsapp/send/text       --> _/D_/Kerja/Source_Code/SiMotor/Go/simotor_microservice_2/msclientthird_microservice/controllers.(*GinCtrl).SendText-fm (4 handlers)
[GIN-debug] POST   /whatsapp/send/text_group --> _/D_/Kerja/Source_Code/SiMotor/Go/simotor_microservice_2/msclientthird_microservice/controllers.(*GinCtrl).SendTextGroup-fm (4 handlers)
[GIN-debug] Listening and serving HTTP on :8824
[GIN-debug] [WARNING] Creating an Engine instance with the Logger and Recovery middleware already attached.

[GIN-debug] [WARNING] Running in "debug" mode. Switch to "release" mode in production.
 - using env:	export GIN_MODE=release
 - using code:	gin.SetMode(gin.ReleaseMode)

[GIN-debug] GET    /whatsapp/login/*filepath --> github.com/gin-gonic/gin.(*RouterGroup).createStaticHandler.func1 (4 handlers)
[GIN-debug] HEAD   /whatsapp/login/*filepath --> github.com/gin-gonic/gin.(*RouterGroup).createStaticHandler.func1 (4 handlers)
[GIN-debug] POST   /whatsapp/reset           --> _/D_/Kerja/Source_Code/SiMotor/Go/simotor_microservice_2/msclientthird_microservice/controllers.(*GinCtrl).ResetSession-fm (4 handlers)
[GIN-debug] POST   /whatsapp/send/text       --> _/D_/Kerja/Source_Code/SiMotor/Go/simotor_microservice_2/msclientthird_microservice/controllers.(*GinCtrl).SendText-fm (4 handlers)
[GIN-debug] POST   /whatsapp/send/text_group --> _/D_/Kerja/Source_Code/SiMotor/Go/simotor_microservice_2/msclientthird_microservice/controllers.(*GinCtrl).SendTextGroup-fm (4 handlers)
[GIN-debug] Listening and serving HTTP on :8824
[GIN-debug] [WARNING] Creating an Engine instance with the Logger and Recovery middleware already attached.

[GIN-debug] [WARNING] Running in "debug" mode. Switch to "release" mode in production.
 - using env:	export GIN_MODE=release
 - using code:	gin.SetMode(gin.ReleaseMode)

[GIN-debug] GET    /whatsapp/login/*filepath --> github.com/gin-gonic/gin.(*RouterGroup).createStaticHandler.func1 (4 handlers)
[GIN-debug] HEAD   /whatsapp/login/*filepath --> github.com/gin-gonic/gin.(*RouterGroup).createStaticHandler.func1 (4 handlers)
[GIN-debug] POST   /whatsapp/reset           --> _/D_/Kerja/Source_Code/SiMotor/Go/simotor_microservice_2/msclientthird_microservice/controllers.(*GinCtrl).ResetSession-fm (4 handlers)
[GIN-debug] POST   /whatsapp/send/text       --> _/D_/Kerja/Source_Code/SiMotor/Go/simotor_microservice_2/msclientthird_microservice/controllers.(*GinCtrl).SendText-fm (4 handlers)
[GIN-debug] POST   /whatsapp/send/text_group --> _/D_/Kerja/Source_Code/SiMotor/Go/simotor_microservice_2/msclientthird_microservice/controllers.(*GinCtrl).SendTextGroup-fm (4 handlers)
[GIN-debug] Listening and serving HTTP on :8824
[GIN-debug] [WARNING] Creating an Engine instance with the Logger and Recovery middleware already attached.

[GIN-debug] [WARNING] Running in "debug" mode. Switch to "release" mode in production.
 - using env:	export GIN_MODE=release
 - using code:	gin.SetMode(gin.ReleaseMode)

[GIN-debug] GET    /whatsapp/login/*filepath --> github.com/gin-gonic/gin.(*RouterGroup).createStaticHandler.func1 (4 handlers)
[GIN-debug] HEAD   /whatsapp/login/*filepath --> github.com/gin-gonic/gin.(*RouterGroup).createStaticHandler.func1 (4 handlers)
[GIN-debug] POST   /whatsapp/reset           --> _/D_/Kerja/Source_Code/SiMotor/Go/simotor_microservice_2/msclientthird_microservice/controllers.(*GinCtrl).ResetSession-fm (4 handlers)
[GIN-debug] POST   /whatsapp/send/text       --> _/D_/Kerja/Source_Code/SiMotor/Go/simotor_microservice_2/msclientthird_microservice/controllers.(*GinCtrl).SendText-fm (4 handlers)
[GIN-debug] POST   /whatsapp/send/text_group --> _/D_/Kerja/Source_Code/SiMotor/Go/simotor_microservice_2/msclientthird_microservice/controllers.(*GinCtrl).SendTextGroup-fm (4 handlers)
[GIN-debug] Listening and serving HTTP on :8824
[GIN-debug] [WARNING] Creating an Engine instance with the Logger and Recovery middleware already attached.

[GIN-debug] [WARNING] Running in "debug" mode. Switch to "release" mode in production.
 - using env:	export GIN_MODE=release
 - using code:	gin.SetMode(gin.ReleaseMode)

[GIN-debug] GET    /whatsapp/login/*filepath --> github.com/gin-gonic/gin.(*RouterGroup).createStaticHandler.func1 (4 handlers)
[GIN-debug] HEAD   /whatsapp/login/*filepath --> github.com/gin-gonic/gin.(*RouterGroup).createStaticHandler.func1 (4 handlers)
[GIN-debug] POST   /whatsapp/reset           --> _/D_/Kerja/Source_Code/SiMotor/Go/simotor_microservice_2/msclientthird_microservice/controllers.(*GinCtrl).ResetSession-fm (4 handlers)
[GIN-debug] POST   /whatsapp/send/text       --> _/D_/Kerja/Source_Code/SiMotor/Go/simotor_microservice_2/msclientthird_microservice/controllers.(*GinCtrl).SendText-fm (4 handlers)
[GIN-debug] POST   /whatsapp/send/text_group --> _/D_/Kerja/Source_Code/SiMotor/Go/simotor_microservice_2/msclientthird_microservice/controllers.(*GinCtrl).SendTextGroup-fm (4 handlers)
[GIN-debug] Listening and serving HTTP on :8824
[GIN-debug] [WARNING] Creating an Engine instance with the Logger and Recovery middleware already attached.

[GIN-debug] [WARNING] Running in "debug" mode. Switch to "release" mode in production.
 - using env:	export GIN_MODE=release
 - using code:	gin.SetMode(gin.ReleaseMode)

[GIN-debug] GET    /whatsapp/login/*filepath --> github.com/gin-gonic/gin.(*RouterGroup).createStaticHandler.func1 (4 handlers)
[GIN-debug] HEAD   /whatsapp/login/*filepath --> github.com/gin-gonic/gin.(*RouterGroup).createStaticHandler.func1 (4 handlers)
[GIN-debug] POST   /whatsapp/reset           --> _/D_/Kerja/Source_Code/SiMotor/Go/simotor_microservice_2/msclientthird_microservice/controllers.(*GinCtrl).ResetSession-fm (4 handlers)
[GIN-debug] POST   /whatsapp/send/text       --> _/D_/Kerja/Source_Code/SiMotor/Go/simotor_microservice_2/msclientthird_microservice/controllers.(*GinCtrl).SendText-fm (4 handlers)
[GIN-debug] POST   /whatsapp/send/text_group --> _/D_/Kerja/Source_Code/SiMotor/Go/simotor_microservice_2/msclientthird_microservice/controllers.(*GinCtrl).SendTextGroup-fm (4 handlers)
[GIN-debug] Listening and serving HTTP on :8824
[GIN-debug] [WARNING] Creating an Engine instance with the Logger and Recovery middleware already attached.

[GIN-debug] [WARNING] Running in "debug" mode. Switch to "release" mode in production.
 - using env:	export GIN_MODE=release
 - using code:	gin.SetMode(gin.ReleaseMode)

[GIN-debug] GET    /whatsapp/login/*filepath --> github.com/gin-gonic/gin.(*RouterGroup).createStaticHandler.func1 (4 handlers)
[GIN-debug] HEAD   /whatsapp/login/*filepath --> github.com/gin-gonic/gin.(*RouterGroup).createStaticHandler.func1 (4 handlers)
[GIN-debug] POST   /whatsapp/reset           --> _/D_/Kerja/Source_Code/SiMotor/Go/simotor_microservice_2/msclientthird_microservice/controllers.(*GinCtrl).ResetSession-fm (4 handlers)
[GIN-debug] POST   /whatsapp/send/text       --> _/D_/Kerja/Source_Code/SiMotor/Go/simotor_microservice_2/msclientthird_microservice/controllers.(*GinCtrl).SendText-fm (4 handlers)
[GIN-debug] POST   /whatsapp/send/text_group --> _/D_/Kerja/Source_Code/SiMotor/Go/simotor_microservice_2/msclientthird_microservice/controllers.(*GinCtrl).SendTextGroup-fm (4 handlers)
[GIN-debug] Listening and serving HTTP on :8824
[GIN-debug] [WARNING] Creating an Engine instance with the Logger and Recovery middleware already attached.

[GIN-debug] [WARNING] Running in "debug" mode. Switch to "release" mode in production.
 - using env:	export GIN_MODE=release
 - using code:	gin.SetMode(gin.ReleaseMode)

[GIN-debug] GET    /whatsapp/login/*filepath --> github.com/gin-gonic/gin.(*RouterGroup).createStaticHandler.func1 (4 handlers)
[GIN-debug] HEAD   /whatsapp/login/*filepath --> github.com/gin-gonic/gin.(*RouterGroup).createStaticHandler.func1 (4 handlers)
[GIN-debug] POST   /whatsapp/reset           --> _/D_/Kerja/Source_Code/SiMotor/Go/simotor_microservice_2/msclientthird_microservice/controllers.(*GinCtrl).ResetSession-fm (4 handlers)
[GIN-debug] POST   /whatsapp/send/text       --> _/D_/Kerja/Source_Code/SiMotor/Go/simotor_microservice_2/msclientthird_microservice/controllers.(*GinCtrl).SendText-fm (4 handlers)
[GIN-debug] POST   /whatsapp/send/text_group --> _/D_/Kerja/Source_Code/SiMotor/Go/simotor_microservice_2/msclientthird_microservice/controllers.(*GinCtrl).SendTextGroup-fm (4 handlers)
[GIN-debug] Listening and serving HTTP on :8824
[GIN-debug] [WARNING] Creating an Engine instance with the Logger and Recovery middleware already attached.

[GIN-debug] [WARNING] Running in "debug" mode. Switch to "release" mode in production.
 - using env:	export GIN_MODE=release
 - using code:	gin.SetMode(gin.ReleaseMode)

[GIN-debug] GET    /whatsapp/login/*filepath --> github.com/gin-gonic/gin.(*RouterGroup).createStaticHandler.func1 (4 handlers)
[GIN-debug] HEAD   /whatsapp/login/*filepath --> github.com/gin-gonic/gin.(*RouterGroup).createStaticHandler.func1 (4 handlers)
[GIN-debug] POST   /whatsapp/reset           --> _/D_/Kerja/Source_Code/SiMotor/Go/simotor_microservice_2/msclientthird_microservice/controllers.(*GinCtrl).ResetSession-fm (4 handlers)
[GIN-debug] POST   /whatsapp/send/text       --> _/D_/Kerja/Source_Code/SiMotor/Go/simotor_microservice_2/msclientthird_microservice/controllers.(*GinCtrl).SendText-fm (4 handlers)
[GIN-debug] POST   /whatsapp/send/text_group --> _/D_/Kerja/Source_Code/SiMotor/Go/simotor_microservice_2/msclientthird_microservice/controllers.(*GinCtrl).SendTextGroup-fm (4 handlers)
[GIN-debug] Listening and serving HTTP on :8824
[GIN-debug] [WARNING] Creating an Engine instance with the Logger and Recovery middleware already attached.

[GIN-debug] [WARNING] Running in "debug" mode. Switch to "release" mode in production.
 - using env:	export GIN_MODE=release
 - using code:	gin.SetMode(gin.ReleaseMode)

[GIN-debug] GET    /whatsapp/login/*filepath --> github.com/gin-gonic/gin.(*RouterGroup).createStaticHandler.func1 (4 handlers)
[GIN-debug] HEAD   /whatsapp/login/*filepath --> github.com/gin-gonic/gin.(*RouterGroup).createStaticHandler.func1 (4 handlers)
[GIN-debug] POST   /whatsapp/reset           --> _/D_/Kerja/Source_Code/SiMotor/Go/simotor_microservice_2/msclientthird_microservice/controllers.(*GinCtrl).ResetSession-fm (4 handlers)
[GIN-debug] POST   /whatsapp/send/text       --> _/D_/Kerja/Source_Code/SiMotor/Go/simotor_microservice_2/msclientthird_microservice/controllers.(*GinCtrl).SendText-fm (4 handlers)
[GIN-debug] POST   /whatsapp/send/text_group --> _/D_/Kerja/Source_Code/SiMotor/Go/simotor_microservice_2/msclientthird_microservice/controllers.(*GinCtrl).SendTextGroup-fm (4 handlers)
[GIN-debug] Listening and serving HTTP on :8824
[GIN-debug] [WARNING] Creating an Engine instance with the Logger and Recovery middleware already attached.

[GIN-debug] [WARNING] Running in "debug" mode. Switch to "release" mode in production.
 - using env:	export GIN_MODE=release
 - using code:	gin.SetMode(gin.ReleaseMode)

[GIN-debug] GET    /whatsapp/login/*filepath --> github.com/gin-gonic/gin.(*RouterGroup).createStaticHandler.func1 (4 handlers)
[GIN-debug] HEAD   /whatsapp/login/*filepath --> github.com/gin-gonic/gin.(*RouterGroup).createStaticHandler.func1 (4 handlers)
[GIN-debug] POST   /whatsapp/reset           --> _/D_/Kerja/Source_Code/SiMotor/Go/simotor_microservice_2/msclientthird_microservice/controllers.(*GinCtrl).ResetSession-fm (4 handlers)
[GIN-debug] POST   /whatsapp/send/text       --> _/D_/Kerja/Source_Code/SiMotor/Go/simotor_microservice_2/msclientthird_microservice/controllers.(*GinCtrl).SendText-fm (4 handlers)
[GIN-debug] POST   /whatsapp/send/text_group --> _/D_/Kerja/Source_Code/SiMotor/Go/simotor_microservice_2/msclientthird_microservice/controllers.(*GinCtrl).SendTextGroup-fm (4 handlers)
[GIN-debug] Listening and serving HTTP on :8824
[GIN-debug] [WARNING] Creating an Engine instance with the Logger and Recovery middleware already attached.

[GIN-debug] [WARNING] Running in "debug" mode. Switch to "release" mode in production.
 - using env:	export GIN_MODE=release
 - using code:	gin.SetMode(gin.ReleaseMode)

[GIN-debug] GET    /whatsapp/login/*filepath --> github.com/gin-gonic/gin.(*RouterGroup).createStaticHandler.func1 (4 handlers)
[GIN-debug] HEAD   /whatsapp/login/*filepath --> github.com/gin-gonic/gin.(*RouterGroup).createStaticHandler.func1 (4 handlers)
[GIN-debug] POST   /whatsapp/reset           --> _/D_/Kerja/Source_Code/SiMotor/Go/simotor_microservice_2/msclientthird_microservice/controllers.(*GinCtrl).ResetSession-fm (4 handlers)
[GIN-debug] POST   /whatsapp/send/text       --> _/D_/Kerja/Source_Code/SiMotor/Go/simotor_microservice_2/msclientthird_microservice/controllers.(*GinCtrl).SendText-fm (4 handlers)
[GIN-debug] POST   /whatsapp/send/text_group --> _/D_/Kerja/Source_Code/SiMotor/Go/simotor_microservice_2/msclientthird_microservice/controllers.(*GinCtrl).SendTextGroup-fm (4 handlers)
[GIN-debug] Listening and serving HTTP on :8824
[GIN-debug] [WARNING] Creating an Engine instance with the Logger and Recovery middleware already attached.

[GIN-debug] [WARNING] Running in "debug" mode. Switch to "release" mode in production.
 - using env:	export GIN_MODE=release
 - using code:	gin.SetMode(gin.ReleaseMode)

[GIN-debug] GET    /whatsapp/login/*filepath --> github.com/gin-gonic/gin.(*RouterGroup).createStaticHandler.func1 (4 handlers)
[GIN-debug] HEAD   /whatsapp/login/*filepath --> github.com/gin-gonic/gin.(*RouterGroup).createStaticHandler.func1 (4 handlers)
[GIN-debug] POST   /whatsapp/reset           --> _/D_/Kerja/Source_Code/SiMotor/Go/simotor_microservice_2/msclientthird_microservice/controllers.(*GinCtrl).ResetSession-fm (4 handlers)
[GIN-debug] POST   /whatsapp/send/text       --> _/D_/Kerja/Source_Code/SiMotor/Go/simotor_microservice_2/msclientthird_microservice/controllers.(*GinCtrl).SendText-fm (4 handlers)
[GIN-debug] POST   /whatsapp/send/text_group --> _/D_/Kerja/Source_Code/SiMotor/Go/simotor_microservice_2/msclientthird_microservice/controllers.(*GinCtrl).SendTextGroup-fm (4 handlers)
[GIN-debug] Listening and serving HTTP on :8824
[GIN-debug] [WARNING] Creating an Engine instance with the Logger and Recovery middleware already attached.

[GIN-debug] [WARNING] Running in "debug" mode. Switch to "release" mode in production.
 - using env:	export GIN_MODE=release
 - using code:	gin.SetMode(gin.ReleaseMode)

[GIN-debug] GET    /whatsapp/login/*filepath --> github.com/gin-gonic/gin.(*RouterGroup).createStaticHandler.func1 (4 handlers)
[GIN-debug] HEAD   /whatsapp/login/*filepath --> github.com/gin-gonic/gin.(*RouterGroup).createStaticHandler.func1 (4 handlers)
[GIN-debug] POST   /whatsapp/reset           --> _/D_/Kerja/Source_Code/SiMotor/Go/simotor_microservice_2/msclientthird_microservice/controllers.(*GinCtrl).ResetSession-fm (4 handlers)
[GIN-debug] POST   /whatsapp/send/text       --> _/D_/Kerja/Source_Code/SiMotor/Go/simotor_microservice_2/msclientthird_microservice/controllers.(*GinCtrl).SendText-fm (4 handlers)
[GIN-debug] POST   /whatsapp/send/text_group --> _/D_/Kerja/Source_Code/SiMotor/Go/simotor_microservice_2/msclientthird_microservice/controllers.(*GinCtrl).SendTextGroup-fm (4 handlers)
[GIN-debug] Listening and serving HTTP on :8824
[GIN-debug] [WARNING] Creating an Engine instance with the Logger and Recovery middleware already attached.

[GIN-debug] [WARNING] Running in "debug" mode. Switch to "release" mode in production.
 - using env:	export GIN_MODE=release
 - using code:	gin.SetMode(gin.ReleaseMode)

[GIN-debug] GET    /whatsapp/login/*filepath --> github.com/gin-gonic/gin.(*RouterGroup).createStaticHandler.func1 (4 handlers)
[GIN-debug] HEAD   /whatsapp/login/*filepath --> github.com/gin-gonic/gin.(*RouterGroup).createStaticHandler.func1 (4 handlers)
[GIN-debug] POST   /whatsapp/reset           --> _/D_/Kerja/Source_Code/SiMotor/Go/simotor_microservice_2/msclientthird_microservice/controllers.(*GinCtrl).ResetSession-fm (4 handlers)
[GIN-debug] POST   /whatsapp/send/text       --> _/D_/Kerja/Source_Code/SiMotor/Go/simotor_microservice_2/msclientthird_microservice/controllers.(*GinCtrl).SendText-fm (4 handlers)
[GIN-debug] POST   /whatsapp/send/text_group --> _/D_/Kerja/Source_Code/SiMotor/Go/simotor_microservice_2/msclientthird_microservice/controllers.(*GinCtrl).SendTextGroup-fm (4 handlers)
[GIN-debug] Listening and serving HTTP on :8824
[GIN-debug] [WARNING] Creating an Engine instance with the Logger and Recovery middleware already attached.

[GIN-debug] [WARNING] Running in "debug" mode. Switch to "release" mode in production.
 - using env:	export GIN_MODE=release
 - using code:	gin.SetMode(gin.ReleaseMode)

[GIN-debug] GET    /whatsapp/login/*filepath --> github.com/gin-gonic/gin.(*RouterGroup).createStaticHandler.func1 (4 handlers)
[GIN-debug] HEAD   /whatsapp/login/*filepath --> github.com/gin-gonic/gin.(*RouterGroup).createStaticHandler.func1 (4 handlers)
[GIN-debug] POST   /whatsapp/reset           --> _/D_/Kerja/Source_Code/SiMotor/Go/simotor_microservice_2/msclientthird_microservice/controllers.(*GinCtrl).ResetSession-fm (4 handlers)
[GIN-debug] POST   /whatsapp/send/text       --> _/D_/Kerja/Source_Code/SiMotor/Go/simotor_microservice_2/msclientthird_microservice/controllers.(*GinCtrl).SendText-fm (4 handlers)
[GIN-debug] POST   /whatsapp/send/text_group --> _/D_/Kerja/Source_Code/SiMotor/Go/simotor_microservice_2/msclientthird_microservice/controllers.(*GinCtrl).SendTextGroup-fm (4 handlers)
[GIN-debug] Listening and serving HTTP on :8824
[GIN-debug] [WARNING] Creating an Engine instance with the Logger and Recovery middleware already attached.

[GIN-debug] [WARNING] Running in "debug" mode. Switch to "release" mode in production.
 - using env:	export GIN_MODE=release
 - using code:	gin.SetMode(gin.ReleaseMode)

[GIN-debug] GET    /whatsapp/login/*filepath --> github.com/gin-gonic/gin.(*RouterGroup).createStaticHandler.func1 (4 handlers)
[GIN-debug] HEAD   /whatsapp/login/*filepath --> github.com/gin-gonic/gin.(*RouterGroup).createStaticHandler.func1 (4 handlers)
[GIN-debug] POST   /whatsapp/reset           --> _/D_/Kerja/Source_Code/SiMotor/Go/simotor_microservice_2/msclientthird_microservice/controllers.(*GinCtrl).ResetSession-fm (4 handlers)
[GIN-debug] POST   /whatsapp/send/text       --> _/D_/Kerja/Source_Code/SiMotor/Go/simotor_microservice_2/msclientthird_microservice/controllers.(*GinCtrl).SendText-fm (4 handlers)
[GIN-debug] POST   /whatsapp/send/text_group --> _/D_/Kerja/Source_Code/SiMotor/Go/simotor_microservice_2/msclientthird_microservice/controllers.(*GinCtrl).SendTextGroup-fm (4 handlers)
[GIN-debug] Listening and serving HTTP on :8824
[GIN-debug] [WARNING] Creating an Engine instance with the Logger and Recovery middleware already attached.

[GIN-debug] [WARNING] Running in "debug" mode. Switch to "release" mode in production.
 - using env:	export GIN_MODE=release
 - using code:	gin.SetMode(gin.ReleaseMode)

[GIN-debug] GET    /whatsapp/login/*filepath --> github.com/gin-gonic/gin.(*RouterGroup).createStaticHandler.func1 (4 handlers)
[GIN-debug] HEAD   /whatsapp/login/*filepath --> github.com/gin-gonic/gin.(*RouterGroup).createStaticHandler.func1 (4 handlers)
[GIN-debug] POST   /whatsapp/reset           --> _/D_/Kerja/Source_Code/SiMotor/Go/simotor_microservice_2/msclientthird_microservice/controllers.(*GinCtrl).ResetSession-fm (4 handlers)
[GIN-debug] POST   /whatsapp/send/text       --> _/D_/Kerja/Source_Code/SiMotor/Go/simotor_microservice_2/msclientthird_microservice/controllers.(*GinCtrl).SendText-fm (4 handlers)
[GIN-debug] POST   /whatsapp/send/text_group --> _/D_/Kerja/Source_Code/SiMotor/Go/simotor_microservice_2/msclientthird_microservice/controllers.(*GinCtrl).SendTextGroup-fm (4 handlers)
[GIN-debug] Listening and serving HTTP on :8824
[GIN] 2021/11/30 - 13:03:14 | 200 |            0s |             ::1 | POST     "/whatsapp/send/text_group"
[GIN-debug] [WARNING] Creating an Engine instance with the Logger and Recovery middleware already attached.

[GIN-debug] [WARNING] Running in "debug" mode. Switch to "release" mode in production.
 - using env:	export GIN_MODE=release
 - using code:	gin.SetMode(gin.ReleaseMode)

[GIN-debug] GET    /whatsapp/login/*filepath --> github.com/gin-gonic/gin.(*RouterGroup).createStaticHandler.func1 (4 handlers)
[GIN-debug] HEAD   /whatsapp/login/*filepath --> github.com/gin-gonic/gin.(*RouterGroup).createStaticHandler.func1 (4 handlers)
[GIN-debug] POST   /whatsapp/reset           --> _/D_/Kerja/Source_Code/SiMotor/Go/simotor_microservice_2/msclientthird_microservice/controllers.(*GinCtrl).ResetSession-fm (4 handlers)
[GIN-debug] POST   /whatsapp/send/text       --> _/D_/Kerja/Source_Code/SiMotor/Go/simotor_microservice_2/msclientthird_microservice/controllers.(*GinCtrl).SendText-fm (4 handlers)
[GIN-debug] POST   /whatsapp/send/text_group --> _/D_/Kerja/Source_Code/SiMotor/Go/simotor_microservice_2/msclientthird_microservice/controllers.(*GinCtrl).SendTextGroup-fm (4 handlers)
[GIN-debug] Listening and serving HTTP on :8824
[GIN] 2021/12/01 - 12:29:07 | 404 |            0s |             ::1 | GET      "/whatsapp/send/text_group"
[GIN] 2021/12/01 - 12:29:08 | 404 |            0s |             ::1 | GET      "/favicon.ico"
[GIN] 2021/12/01 - 12:34:48 | 200 |      1.9989ms |             ::1 | POST     "/whatsapp/send/text_group"
[GIN-debug] [WARNING] Creating an Engine instance with the Logger and Recovery middleware already attached.

[GIN-debug] [WARNING] Running in "debug" mode. Switch to "release" mode in production.
 - using env:	export GIN_MODE=release
 - using code:	gin.SetMode(gin.ReleaseMode)

[GIN-debug] GET    /whatsapp/login/*filepath --> github.com/gin-gonic/gin.(*RouterGroup).createStaticHandler.func1 (4 handlers)
[GIN-debug] HEAD   /whatsapp/login/*filepath --> github.com/gin-gonic/gin.(*RouterGroup).createStaticHandler.func1 (4 handlers)
[GIN-debug] POST   /whatsapp/reset           --> _/D_/Kerja/Source_Code/SiMotor/Go/simotor_microservice_2/msclientthird_microservice/controllers.(*GinCtrl).ResetSession-fm (4 handlers)
[GIN-debug] POST   /whatsapp/send/text       --> _/D_/Kerja/Source_Code/SiMotor/Go/simotor_microservice_2/msclientthird_microservice/controllers.(*GinCtrl).SendText-fm (4 handlers)
[GIN-debug] POST   /whatsapp/send/text_group --> _/D_/Kerja/Source_Code/SiMotor/Go/simotor_microservice_2/msclientthird_microservice/controllers.(*GinCtrl).SendTextGroup-fm (4 handlers)
[GIN-debug] Listening and serving HTTP on :8824
[GIN-debug] [WARNING] Creating an Engine instance with the Logger and Recovery middleware already attached.

[GIN-debug] [WARNING] Running in "debug" mode. Switch to "release" mode in production.
 - using env:	export GIN_MODE=release
 - using code:	gin.SetMode(gin.ReleaseMode)

[GIN-debug] GET    /whatsapp/login/*filepath --> github.com/gin-gonic/gin.(*RouterGroup).createStaticHandler.func1 (4 handlers)
[GIN-debug] HEAD   /whatsapp/login/*filepath --> github.com/gin-gonic/gin.(*RouterGroup).createStaticHandler.func1 (4 handlers)
[GIN-debug] POST   /whatsapp/reset           --> _/D_/Kerja/Source_Code/SiMotor/Go/simotor_microservice_2/msclientthird_microservice/controllers.(*GinCtrl).ResetSession-fm (4 handlers)
[GIN-debug] POST   /whatsapp/send/text       --> _/D_/Kerja/Source_Code/SiMotor/Go/simotor_microservice_2/msclientthird_microservice/controllers.(*GinCtrl).SendText-fm (4 handlers)
[GIN-debug] POST   /whatsapp/send/text_group --> _/D_/Kerja/Source_Code/SiMotor/Go/simotor_microservice_2/msclientthird_microservice/controllers.(*GinCtrl).SendTextGroup-fm (4 handlers)
[GIN-debug] Listening and serving HTTP on :8824
[GIN-debug] [WARNING] Creating an Engine instance with the Logger and Recovery middleware already attached.

[GIN-debug] [WARNING] Running in "debug" mode. Switch to "release" mode in production.
 - using env:	export GIN_MODE=release
 - using code:	gin.SetMode(gin.ReleaseMode)

[GIN-debug] GET    /whatsapp/login/*filepath --> github.com/gin-gonic/gin.(*RouterGroup).createStaticHandler.func1 (4 handlers)
[GIN-debug] HEAD   /whatsapp/login/*filepath --> github.com/gin-gonic/gin.(*RouterGroup).createStaticHandler.func1 (4 handlers)
[GIN-debug] POST   /whatsapp/send/text       --> _/D_/Kerja/Source_Code/WhatsApp/controllers.(*GinCtrl).SendText-fm (4 handlers)
[GIN-debug] POST   /whatsapp/send/text_group --> _/D_/Kerja/Source_Code/WhatsApp/controllers.(*GinCtrl).SendTextGroup-fm (4 handlers)
[GIN-debug] Listening and serving HTTP on :8824
[GIN-debug] [WARNING] Creating an Engine instance with the Logger and Recovery middleware already attached.

[GIN-debug] [WARNING] Running in "debug" mode. Switch to "release" mode in production.
 - using env:	export GIN_MODE=release
 - using code:	gin.SetMode(gin.ReleaseMode)

[GIN-debug] GET    /whatsapp/login/*filepath --> github.com/gin-gonic/gin.(*RouterGroup).createStaticHandler.func1 (4 handlers)
[GIN-debug] HEAD   /whatsapp/login/*filepath --> github.com/gin-gonic/gin.(*RouterGroup).createStaticHandler.func1 (4 handlers)
[GIN-debug] POST   /whatsapp/send/text       --> _/D_/Kerja/Source_Code/WhatsApp/controllers.(*GinCtrl).SendText-fm (4 handlers)
[GIN-debug] POST   /whatsapp/send/text_group --> _/D_/Kerja/Source_Code/WhatsApp/controllers.(*GinCtrl).SendTextGroup-fm (4 handlers)
[GIN-debug] Listening and serving HTTP on :8824
[GIN] 2022/05/25 - 16:20:10 | 200 |            0s |             ::1 | POST     "/whatsapp/send/text"
[GIN] 2022/05/25 - 16:20:42 | 200 |            0s |             ::1 | POST     "/whatsapp/send/text"
[GIN] 2022/05/25 - 16:21:04 | 200 |      1.0011ms |             ::1 | POST     "/whatsapp/send/text"
[GIN] 2022/05/25 - 16:21:12 | 200 |            0s |             ::1 | POST     "/whatsapp/send/text"
[GIN-debug] [WARNING] Creating an Engine instance with the Logger and Recovery middleware already attached.

[GIN-debug] [WARNING] Running in "debug" mode. Switch to "release" mode in production.
 - using env:	export GIN_MODE=release
 - using code:	gin.SetMode(gin.ReleaseMode)

[GIN-debug] GET    /whatsapp/login/*filepath --> github.com/gin-gonic/gin.(*RouterGroup).createStaticHandler.func1 (4 handlers)
[GIN-debug] HEAD   /whatsapp/login/*filepath --> github.com/gin-gonic/gin.(*RouterGroup).createStaticHandler.func1 (4 handlers)
[GIN-debug] POST   /whatsapp/send/text       --> _/D_/Kerja/Source_Code/WhatsApp/controllers.(*GinCtrl).SendText-fm (4 handlers)
[GIN-debug] POST   /whatsapp/send/text_group --> _/D_/Kerja/Source_Code/WhatsApp/controllers.(*GinCtrl).SendTextGroup-fm (4 handlers)
[GIN-debug] Listening and serving HTTP on :8824
[GIN] 2022/05/25 - 16:21:51 | 200 |       504.7µs |             ::1 | POST     "/whatsapp/send/text"
[GIN-debug] [WARNING] Creating an Engine instance with the Logger and Recovery middleware already attached.

[GIN-debug] [WARNING] Running in "debug" mode. Switch to "release" mode in production.
 - using env:	export GIN_MODE=release
 - using code:	gin.SetMode(gin.ReleaseMode)

[GIN-debug] GET    /whatsapp/login/*filepath --> github.com/gin-gonic/gin.(*RouterGroup).createStaticHandler.func1 (4 handlers)
[GIN-debug] HEAD   /whatsapp/login/*filepath --> github.com/gin-gonic/gin.(*RouterGroup).createStaticHandler.func1 (4 handlers)
[GIN-debug] POST   /whatsapp/send/text       --> _/D_/Kerja/Source_Code/WhatsApp/controllers.(*GinCtrl).SendText-fm (4 handlers)
[GIN-debug] POST   /whatsapp/send/text_group --> _/D_/Kerja/Source_Code/WhatsApp/controllers.(*GinCtrl).SendTextGroup-fm (4 handlers)
[GIN-debug] Listening and serving HTTP on :8824
[GIN-debug] [WARNING] Creating an Engine instance with the Logger and Recovery middleware already attached.

[GIN-debug] [WARNING] Running in "debug" mode. Switch to "release" mode in production.
 - using env:	export GIN_MODE=release
 - using code:	gin.SetMode(gin.ReleaseMode)

[GIN-debug] GET    /whatsapp/login/*filepath --> github.com/gin-gonic/gin.(*RouterGroup).createStaticHandler.func1 (4 handlers)
[GIN-debug] HEAD   /whatsapp/login/*filepath --> github.com/gin-gonic/gin.(*RouterGroup).createStaticHandler.func1 (4 handlers)
[GIN-debug] POST   /whatsapp/send/text       --> _/D_/Kerja/Source_Code/WhatsApp/controllers.(*GinCtrl).SendText-fm (4 handlers)
[GIN-debug] POST   /whatsapp/send/text_group --> _/D_/Kerja/Source_Code/WhatsApp/controllers.(*GinCtrl).SendTextGroup-fm (4 handlers)
[GIN-debug] Listening and serving HTTP on :8824
[GIN-debug] [WARNING] Creating an Engine instance with the Logger and Recovery middleware already attached.

[GIN-debug] [WARNING] Running in "debug" mode. Switch to "release" mode in production.
 - using env:	export GIN_MODE=release
 - using code:	gin.SetMode(gin.ReleaseMode)

[GIN-debug] GET    /whatsapp/login/*filepath --> github.com/gin-gonic/gin.(*RouterGroup).createStaticHandler.func1 (4 handlers)
[GIN-debug] HEAD   /whatsapp/login/*filepath --> github.com/gin-gonic/gin.(*RouterGroup).createStaticHandler.func1 (4 handlers)
[GIN-debug] POST   /whatsapp/send/text       --> _/D_/Kerja/Source_Code/WhatsApp/controllers.(*GinCtrl).SendText-fm (4 handlers)
[GIN-debug] POST   /whatsapp/send/text_group --> _/D_/Kerja/Source_Code/WhatsApp/controllers.(*GinCtrl).SendTextGroup-fm (4 handlers)
[GIN-debug] Listening and serving HTTP on :8824
[GIN-debug] [WARNING] Creating an Engine instance with the Logger and Recovery middleware already attached.

[GIN-debug] [WARNING] Running in "debug" mode. Switch to "release" mode in production.
 - using env:	export GIN_MODE=release
 - using code:	gin.SetMode(gin.ReleaseMode)

[GIN-debug] GET    /whatsapp/login/*filepath --> github.com/gin-gonic/gin.(*RouterGroup).createStaticHandler.func1 (4 handlers)
[GIN-debug] HEAD   /whatsapp/login/*filepath --> github.com/gin-gonic/gin.(*RouterGroup).createStaticHandler.func1 (4 handlers)
[GIN-debug] POST   /whatsapp/send/text       --> _/D_/Kerja/Source_Code/WhatsApp/controllers.(*GinCtrl).SendText-fm (4 handlers)
[GIN-debug] POST   /whatsapp/send/text_group --> _/D_/Kerja/Source_Code/WhatsApp/controllers.(*GinCtrl).SendTextGroup-fm (4 handlers)
[GIN-debug] Listening and serving HTTP on :8824
[GIN] 2022/05/25 - 16:24:27 | 200 |       528.8µs |             ::1 | POST     "/whatsapp/send/text"
[GIN-debug] [WARNING] Creating an Engine instance with the Logger and Recovery middleware already attached.

[GIN-debug] [WARNING] Running in "debug" mode. Switch to "release" mode in production.
 - using env:	export GIN_MODE=release
 - using code:	gin.SetMode(gin.ReleaseMode)

[GIN-debug] GET    /whatsapp/login/*filepath --> github.com/gin-gonic/gin.(*RouterGroup).createStaticHandler.func1 (4 handlers)
[GIN-debug] HEAD   /whatsapp/login/*filepath --> github.com/gin-gonic/gin.(*RouterGroup).createStaticHandler.func1 (4 handlers)
[GIN-debug] POST   /whatsapp/send/text       --> _/D_/Kerja/Source_Code/WhatsApp/controllers.(*GinCtrl).SendText-fm (4 handlers)
[GIN-debug] POST   /whatsapp/send/text_group --> _/D_/Kerja/Source_Code/WhatsApp/controllers.(*GinCtrl).SendTextGroup-fm (4 handlers)
[GIN-debug] Listening and serving HTTP on :8824
[GIN] 2022/05/25 - 16:25:06 | 200 |       507.9µs |             ::1 | POST     "/whatsapp/send/text"
[GIN] 2022/05/25 - 16:25:29 | 200 |            0s |             ::1 | POST     "/whatsapp/send/text"
[GIN-debug] [WARNING] Creating an Engine instance with the Logger and Recovery middleware already attached.

[GIN-debug] [WARNING] Running in "debug" mode. Switch to "release" mode in production.
 - using env:	export GIN_MODE=release
 - using code:	gin.SetMode(gin.ReleaseMode)

[GIN-debug] GET    /whatsapp/login/*filepath --> github.com/gin-gonic/gin.(*RouterGroup).createStaticHandler.func1 (4 handlers)
[GIN-debug] HEAD   /whatsapp/login/*filepath --> github.com/gin-gonic/gin.(*RouterGroup).createStaticHandler.func1 (4 handlers)
[GIN-debug] POST   /whatsapp/send/text       --> _/D_/Kerja/Source_Code/WhatsApp/controllers.(*GinCtrl).SendText-fm (4 handlers)
[GIN-debug] POST   /whatsapp/send/text_group --> _/D_/Kerja/Source_Code/WhatsApp/controllers.(*GinCtrl).SendTextGroup-fm (4 handlers)
[GIN-debug] Listening and serving HTTP on :8824
[GIN] 2022/05/25 - 16:26:31 | 200 |       540.1µs |             ::1 | POST     "/whatsapp/send/text"
[GIN-debug] [WARNING] Creating an Engine instance with the Logger and Recovery middleware already attached.

[GIN-debug] [WARNING] Running in "debug" mode. Switch to "release" mode in production.
 - using env:	export GIN_MODE=release
 - using code:	gin.SetMode(gin.ReleaseMode)

[GIN-debug] GET    /whatsapp/login/*filepath --> github.com/gin-gonic/gin.(*RouterGroup).createStaticHandler.func1 (4 handlers)
[GIN-debug] HEAD   /whatsapp/login/*filepath --> github.com/gin-gonic/gin.(*RouterGroup).createStaticHandler.func1 (4 handlers)
[GIN-debug] POST   /whatsapp/send/text       --> _/D_/Kerja/Source_Code/WhatsApp/controllers.(*GinCtrl).SendText-fm (4 handlers)
[GIN-debug] POST   /whatsapp/send/text_group --> _/D_/Kerja/Source_Code/WhatsApp/controllers.(*GinCtrl).SendTextGroup-fm (4 handlers)
[GIN-debug] Listening and serving HTTP on :8824
[GIN] 2022/05/25 - 16:27:00 | 200 |         546µs |             ::1 | POST     "/whatsapp/send/text"
[GIN] 2022/05/25 - 16:27:18 | 200 |            0s |             ::1 | POST     "/whatsapp/send/text"
[GIN] 2022/05/25 - 16:27:39 | 200 |            0s |             ::1 | POST     "/whatsapp/send/text"
[GIN-debug] [WARNING] Creating an Engine instance with the Logger and Recovery middleware already attached.

[GIN-debug] [WARNING] Running in "debug" mode. Switch to "release" mode in production.
 - using env:	export GIN_MODE=release
 - using code:	gin.SetMode(gin.ReleaseMode)

[GIN-debug] GET    /whatsapp/login/*filepath --> github.com/gin-gonic/gin.(*RouterGroup).createStaticHandler.func1 (4 handlers)
[GIN-debug] HEAD   /whatsapp/login/*filepath --> github.com/gin-gonic/gin.(*RouterGroup).createStaticHandler.func1 (4 handlers)
[GIN-debug] POST   /whatsapp/send/text       --> _/D_/Kerja/Source_Code/WhatsApp/controllers.(*GinCtrl).SendText-fm (4 handlers)
[GIN-debug] POST   /whatsapp/send/text_group --> _/D_/Kerja/Source_Code/WhatsApp/controllers.(*GinCtrl).SendTextGroup-fm (4 handlers)
[GIN-debug] Listening and serving HTTP on :8824
[GIN] 2022/05/25 - 16:34:21 | 200 |       520.6µs |             ::1 | POST     "/whatsapp/send/text"
[GIN-debug] [WARNING] Creating an Engine instance with the Logger and Recovery middleware already attached.

[GIN-debug] [WARNING] Running in "debug" mode. Switch to "release" mode in production.
 - using env:	export GIN_MODE=release
 - using code:	gin.SetMode(gin.ReleaseMode)

[GIN-debug] GET    /whatsapp/login/*filepath --> github.com/gin-gonic/gin.(*RouterGroup).createStaticHandler.func1 (4 handlers)
[GIN-debug] HEAD   /whatsapp/login/*filepath --> github.com/gin-gonic/gin.(*RouterGroup).createStaticHandler.func1 (4 handlers)
[GIN-debug] POST   /whatsapp/send/text       --> _/D_/Kerja/Source_Code/WhatsApp/controllers.(*GinCtrl).SendText-fm (4 handlers)
[GIN-debug] POST   /whatsapp/send/text_group --> _/D_/Kerja/Source_Code/WhatsApp/controllers.(*GinCtrl).SendTextGroup-fm (4 handlers)
[GIN-debug] Listening and serving HTTP on :8824
[GIN-debug] [WARNING] Creating an Engine instance with the Logger and Recovery middleware already attached.

[GIN-debug] [WARNING] Running in "debug" mode. Switch to "release" mode in production.
 - using env:	export GIN_MODE=release
 - using code:	gin.SetMode(gin.ReleaseMode)

[GIN-debug] GET    /whatsapp/login/*filepath --> github.com/gin-gonic/gin.(*RouterGroup).createStaticHandler.func1 (4 handlers)
[GIN-debug] HEAD   /whatsapp/login/*filepath --> github.com/gin-gonic/gin.(*RouterGroup).createStaticHandler.func1 (4 handlers)
[GIN-debug] POST   /whatsapp/send/text       --> _/D_/Kerja/Source_Code/WhatsApp/controllers.(*GinCtrl).SendText-fm (4 handlers)
[GIN-debug] POST   /whatsapp/send/text_group --> _/D_/Kerja/Source_Code/WhatsApp/controllers.(*GinCtrl).SendTextGroup-fm (4 handlers)
[GIN-debug] Listening and serving HTTP on :8824
[GIN-debug] [WARNING] Creating an Engine instance with the Logger and Recovery middleware already attached.

[GIN-debug] [WARNING] Running in "debug" mode. Switch to "release" mode in production.
 - using env:	export GIN_MODE=release
 - using code:	gin.SetMode(gin.ReleaseMode)

[GIN-debug] GET    /whatsapp/login/*filepath --> github.com/gin-gonic/gin.(*RouterGroup).createStaticHandler.func1 (4 handlers)
[GIN-debug] HEAD   /whatsapp/login/*filepath --> github.com/gin-gonic/gin.(*RouterGroup).createStaticHandler.func1 (4 handlers)
[GIN-debug] POST   /whatsapp/send/text       --> _/D_/Kerja/Source_Code/WhatsApp/controllers.(*GinCtrl).SendText-fm (4 handlers)
[GIN-debug] POST   /whatsapp/send/text_group --> _/D_/Kerja/Source_Code/WhatsApp/controllers.(*GinCtrl).SendTextGroup-fm (4 handlers)
[GIN-debug] Listening and serving HTTP on :8824
